<?xml version="1.0" encoding="UTF-8"?>
<!-- Generated by org.testng.reporters.JUnitReportReporter -->
<testsuite hostname="DESKTOP-9SPAHSJ" failures="0" tests="10" name="TestNG_attributes.InvocationCount_attribute" time="3.859" errors="0" timestamp="2025-03-29T11:06:01 IST" skipped="1">
  <testcase classname="TestNG_attributes.InvocationCount_attribute" name="enterUsername" time="0.261"/>
  <system-out/>
  <testcase classname="TestNG_attributes.InvocationCount_attribute" name="enterUsername" time="0.236"/>
  <system-out/>
  <testcase classname="TestNG_attributes.InvocationCount_attribute" name="enterUsername" time="1.304"/>
  <system-out/>
  <testcase classname="TestNG_attributes.InvocationCount_attribute" name="enterUsername" time="0.557"/>
  <system-out/>
  <testcase classname="TestNG_attributes.InvocationCount_attribute" name="enterUsername" time="0.261"/>
  <system-out/>
  <testcase classname="TestNG_attributes.InvocationCount_attribute" name="enterUsername" time="0.330"/>
  <system-out/>
  <testcase classname="TestNG_attributes.InvocationCount_attribute" name="enterUsername" time="0.271"/>
  <system-out/>
  <testcase classname="TestNG_attributes.InvocationCount_attribute" name="enterUsername" time="0.233"/>
  <system-out/>
  <testcase classname="TestNG_attributes.InvocationCount_attribute" name="enterPassword" time="0.406"/>
  <system-out/>
  <testcase classname="TestNG_attributes.InvocationCount_attribute" name="clickLogin">
    <skipped/>
  </testcase> <!-- clickLogin -->
  <system-out/>
</testsuite> <!-- TestNG_attributes.InvocationCount_attribute -->
