<?xml version="1.0" encoding="UTF-8"?>
<!-- Generated by org.testng.reporters.JUnitReportReporter -->
<testsuite hostname="DESKTOP-9SPAHSJ" failures="0" tests="3" name="TestNG_attributes.DependsOnMethods_attribute" time="2.968" errors="0" timestamp="2025-03-29T11:10:27 IST" skipped="0">
  <testcase classname="TestNG_attributes.DependsOnMethods_attribute" name="clickLogin" time="0.502"/>
  <system-out/>
  <testcase classname="TestNG_attributes.DependsOnMethods_attribute" name="enterPassword" time="0.715"/>
  <system-out/>
  <testcase classname="TestNG_attributes.DependsOnMethods_attribute" name="enterUsername" time="1.751"/>
  <system-out/>
</testsuite> <!-- TestNG_attributes.DependsOnMethods_attribute -->
