<?xml version="1.0" encoding="UTF-8"?>
<!-- Generated by org.testng.reporters.JUnitReportReporter -->
<testsuite hostname="DESKTOP-9SPAHSJ" failures="0" tests="3" name="Tests.TC_1_LoginTest" time="2.380" errors="0" timestamp="2025-04-03T14:26:53 IST" skipped="0">
  <testcase classname="Tests.TC_1_LoginTest" name="enterUsername" time="0.576"/>
  <system-out/>
  <testcase classname="Tests.TC_1_LoginTest" name="enterPassword" time="0.329"/>
  <system-out/>
  <testcase classname="Tests.TC_1_LoginTest" name="clickLogin" time="1.475"/>
  <system-out/>
</testsuite> <!-- Tests.TC_1_LoginTest -->
