<?xml version="1.0" encoding="UTF-8"?>
<!-- Generated by org.testng.reporters.JUnitReportReporter -->
<testsuite hostname="DESKTOP-9SPAHSJ" failures="0" tests="3" name="TestNG_attributes.TC_3_DataProviders" time="0.981" errors="0" timestamp="2025-03-29T10:56:37 IST" skipped="0">
  <testcase classname="TestNG_attributes.TC_3_DataProviders" name="enterUsername" time="0.524"/>
  <system-out/>
  <testcase classname="TestNG_attributes.TC_3_DataProviders" name="enterPassword" time="0.226"/>
  <system-out/>
  <testcase classname="TestNG_attributes.TC_3_DataProviders" name="clickLogin" time="0.231"/>
  <system-out/>
</testsuite> <!-- TestNG_attributes.TC_3_DataProviders -->
