<?xml version="1.0" encoding="UTF-8"?>
<!-- Generated by org.testng.reporters.JUnitReportReporter -->
<testsuite hostname="DESKTOP-9SPAHSJ" failures="0" tests="1" name="ExtentReports.ExtentReportExample1" time="5.527" errors="0" timestamp="2025-04-10T09:19:50 IST" skipped="0">
  <testcase classname="ExtentReports.ExtentReportExample1" name="loginToOrangeHRM" time="5.527"/>
  <system-out/>
</testsuite> <!-- ExtentReports.ExtentReportExample1 -->
