<?xml version="1.0" encoding="UTF-8"?>
<!-- Generated by org.testng.reporters.JUnitReportReporter -->
<testsuite hostname="DESKTOP-9SPAHSJ" failures="0" tests="3" name="TestNG.TC_3_DataProviders" time="18.688" errors="0" timestamp="2025-03-29T10:52:19 IST" skipped="0">
  <testcase classname="TestNG.TC_3_DataProviders" name="enterCredentials" time="4.464"/>
  <system-out/>
  <testcase classname="TestNG.TC_3_DataProviders" name="enterCredentials" time="2.389"/>
  <system-out/>
  <testcase classname="TestNG.TC_3_DataProviders" name="enterCredentials" time="11.835"/>
  <system-out/>
</testsuite> <!-- TestNG.TC_3_DataProviders -->
