<?xml version="1.0" encoding="UTF-8"?>
<!-- Generated by org.testng.reporters.JUnitReportReporter -->
<testsuite hostname="DESKTOP-9SPAHSJ" failures="0" tests="2" name="ExtentReports.ExtentReportExample2" time="2.358" errors="0" timestamp="2025-04-10T09:25:19 IST" skipped="0">
  <testcase classname="ExtentReports.ExtentReportExample2" name="loginToOrangeHRM" time="2.297"/>
  <system-out/>
  <testcase classname="ExtentReports.ExtentReportExample2" name="clickLogout" time="0.061"/>
  <system-out/>
</testsuite> <!-- ExtentReports.ExtentReportExample2 -->
