<?xml version="1.0" encoding="UTF-8"?>
<!-- Generated by org.testng.reporters.JUnitReportReporter -->
<testsuite hostname="DESKTOP-9SPAHSJ" failures="0" tests="3" name="TestNG.HardAssertions1" time="1.402" errors="0" timestamp="2025-04-02T16:29:05 IST" skipped="0">
  <testcase classname="TestNG.HardAssertions1" name="enterUsername" time="0.912"/>
  <system-out/>
  <testcase classname="TestNG.HardAssertions1" name="enterPassword" time="0.249"/>
  <system-out/>
  <testcase classname="TestNG.HardAssertions1" name="clickLogin" time="0.241"/>
  <system-out/>
</testsuite> <!-- TestNG.HardAssertions1 -->
