<?xml version="1.0" encoding="UTF-8"?>
<!-- Generated by org.testng.reporters.JUnitReportReporter -->
<testsuite hostname="DESKTOP-9SPAHSJ" failures="0" tests="4" name="TestNGAssertions.HardAssertions3" time="2.546" errors="0" timestamp="2025-04-02T16:43:39 IST" skipped="0">
  <testcase classname="TestNGAssertions.HardAssertions3" name="VerifyTitle" time="0.472"/>
  <system-out/>
  <testcase classname="TestNGAssertions.HardAssertions3" name="enterUsername" time="0.349"/>
  <system-out/>
  <testcase classname="TestNGAssertions.HardAssertions3" name="enterPassword" time="0.330"/>
  <system-out/>
  <testcase classname="TestNGAssertions.HardAssertions3" name="clickLogin" time="1.395"/>
  <system-out/>
</testsuite> <!-- TestNGAssertions.HardAssertions3 -->
