<?xml version="1.0" encoding="UTF-8"?>
<!-- Generated by org.testng.reporters.JUnitReportReporter -->
<testsuite hostname="DESKTOP-9SPAHSJ" failures="0" tests="3" name="TestNG.TC_1_LoginToOrangeHRM_Edge" time="2.657" errors="0" timestamp="2025-03-31T14:10:44 IST" skipped="0">
  <testcase classname="TestNG.TC_1_LoginToOrangeHRM_Edge" name="enterUsername" time="0.364"/>
  <system-out/>
  <testcase classname="TestNG.TC_1_LoginToOrangeHRM_Edge" name="enterPassword" time="0.273"/>
  <system-out/>
  <testcase classname="TestNG.TC_1_LoginToOrangeHRM_Edge" name="clickLogin" time="2.020"/>
  <system-out/>
</testsuite> <!-- TestNG.TC_1_LoginToOrangeHRM_Edge -->
