<?xml version="1.0" encoding="UTF-8"?>
<!-- Generated by org.testng.reporters.JUnitReportReporter -->
<testsuite hostname="DESKTOP-9SPAHSJ" failures="0" tests="4" name="TestNGAssertions.HardAssertions1" time="2.352" errors="0" timestamp="2025-04-02T16:34:27 IST" skipped="0">
  <testcase classname="TestNGAssertions.HardAssertions1" name="VerifyTitle" time="0.083"/>
  <system-out/>
  <testcase classname="TestNGAssertions.HardAssertions1" name="enterUsername" time="0.429"/>
  <system-out/>
  <testcase classname="TestNGAssertions.HardAssertions1" name="enterPassword" time="0.280"/>
  <system-out/>
  <testcase classname="TestNGAssertions.HardAssertions1" name="clickLogin" time="1.560"/>
  <system-out/>
</testsuite> <!-- TestNGAssertions.HardAssertions1 -->
