<?xml version="1.0" encoding="UTF-8"?>
<!-- Generated by org.testng.reporters.JUnitReportReporter -->
<testsuite hostname="DESKTOP-9SPAHSJ" failures="0" tests="3" name="TestNG.TC_1_LoginToOrangeHRM_Chrome" time="2.093" errors="0" timestamp="2025-03-31T14:10:44 IST" skipped="0">
  <testcase classname="TestNG.TC_1_LoginToOrangeHRM_Chrome" name="enterUsername" time="0.862"/>
  <system-out/>
  <testcase classname="TestNG.TC_1_LoginToOrangeHRM_Chrome" name="enterPassword" time="0.537"/>
  <system-out/>
  <testcase classname="TestNG.TC_1_LoginToOrangeHRM_Chrome" name="clickLogin" time="0.694"/>
  <system-out/>
</testsuite> <!-- TestNG.TC_1_LoginToOrangeHRM_Chrome -->
