<?xml version="1.0" encoding="UTF-8"?>
<!-- Generated by org.testng.reporters.JUnitReportReporter -->
<testsuite hostname="DESKTOP-9SPAHSJ" failures="0" tests="4" name="TestNGAssertions.SoftAssertions1" time="1.424" errors="0" timestamp="2025-04-02T16:49:09 IST" skipped="0">
  <testcase classname="TestNGAssertions.SoftAssertions1" name="VerifyTitle" time="0.099"/>
  <system-out/>
  <testcase classname="TestNGAssertions.SoftAssertions1" name="enterUsername" time="0.669"/>
  <system-out/>
  <testcase classname="TestNGAssertions.SoftAssertions1" name="enterPassword" time="0.249"/>
  <system-out/>
  <testcase classname="TestNGAssertions.SoftAssertions1" name="clickLogin" time="0.407"/>
  <system-out/>
</testsuite> <!-- TestNGAssertions.SoftAssertions1 -->
