<?xml version="1.0" encoding="UTF-8"?>
<!-- Generated by org.testng.reporters.JUnitReportReporter -->
<testsuite hostname="DESKTOP-9SPAHSJ" failures="0" tests="3" name="Tests.TC_2_ForgotYourPasswordTest" time="11.923" errors="0" timestamp="2025-04-03T15:09:57 IST" skipped="0">
  <testcase classname="Tests.TC_2_ForgotYourPasswordTest" name="clickForgotYourPassword" time="7.600"/>
  <system-out/>
  <testcase classname="Tests.TC_2_ForgotYourPasswordTest" name="enterUsername" time="1.909"/>
  <system-out/>
  <testcase classname="Tests.TC_2_ForgotYourPasswordTest" name="clickCancelButton" time="2.414"/>
  <system-out/>
</testsuite> <!-- Tests.TC_2_ForgotYourPasswordTest -->
