<?xml version="1.0" encoding="UTF-8"?>
<!-- Generated by org.testng.reporters.JUnitReportReporter -->
<testsuite hostname="DESKTOP-9SPAHSJ" failures="0" tests="3" name="TestNG_attributes.enabled_attribute" time="1.085" errors="0" timestamp="2025-03-29T11:01:36 IST" skipped="1">
  <testcase classname="TestNG_attributes.enabled_attribute" name="enterUsername" time="0.826"/>
  <system-out/>
  <testcase classname="TestNG_attributes.enabled_attribute" name="enterPassword" time="0.259"/>
  <system-out/>
  <testcase classname="TestNG_attributes.enabled_attribute" name="clickLogin">
    <skipped/>
  </testcase> <!-- clickLogin -->
  <system-out/>
</testsuite> <!-- TestNG_attributes.enabled_attribute -->
