<?xml version="1.0" encoding="UTF-8"?>
<!-- Generated by org.testng.reporters.JUnitReportReporter -->
<testsuite hostname="DESKTOP-9SPAHSJ" failures="0" tests="4" name="TestNGScreenshots.TC1_HardAssertions1" time="0.908" errors="0" timestamp="2025-04-02T17:44:28 IST" skipped="0">
  <testcase classname="TestNGScreenshots.TC1_HardAssertions1" name="VerifyTitle" time="0.081"/>
  <system-out/>
  <testcase classname="TestNGScreenshots.TC1_HardAssertions1" name="enterUsername" time="0.202"/>
  <system-out/>
  <testcase classname="TestNGScreenshots.TC1_HardAssertions1" name="enterPassword" time="0.378"/>
  <system-out/>
  <testcase classname="TestNGScreenshots.TC1_HardAssertions1" name="clickLogin" time="0.247"/>
  <system-out/>
</testsuite> <!-- TestNGScreenshots.TC1_HardAssertions1 -->
