<?xml version="1.0" encoding="UTF-8"?>
<!-- Generated by org.testng.reporters.JUnitReportReporter -->
<testsuite hostname="DESKTOP-9SPAHSJ" failures="0" tests="5" name="TestNGScreenshots.TC1_HardAssertions2" time="4.389" errors="0" timestamp="2025-04-02T17:49:35 IST" skipped="0">
  <testcase classname="TestNGScreenshots.TC1_HardAssertions2" name="VerifyTitle" time="0.096"/>
  <system-out/>
  <testcase classname="TestNGScreenshots.TC1_HardAssertions2" name="enterUsername" time="0.406"/>
  <system-out/>
  <testcase classname="TestNGScreenshots.TC1_HardAssertions2" name="enterPassword" time="0.492"/>
  <system-out/>
  <testcase classname="TestNGScreenshots.TC1_HardAssertions2" name="clickLogin" time="1.514"/>
  <system-out/>
  <testcase classname="TestNGScreenshots.TC1_HardAssertions2" name="clickAdminTab" time="1.881"/>
  <system-out/>
</testsuite> <!-- TestNGScreenshots.TC1_HardAssertions2 -->
