<?xml version="1.0" encoding="UTF-8"?>
<!-- Generated by org.testng.reporters.JUnitReportReporter -->
<testsuite hostname="DESKTOP-9SPAHSJ" failures="0" tests="4" name="TestNG.TC_2_ClickAdminTab_Chrome" time="4.506" errors="0" timestamp="2025-03-28T15:25:59 IST" skipped="0">
  <testcase classname="TestNG.TC_2_ClickAdminTab_Chrome" name="enterUsername" time="0.841"/>
  <system-out/>
  <testcase classname="TestNG.TC_2_ClickAdminTab_Chrome" name="enterPassword" time="0.234"/>
  <system-out/>
  <testcase classname="TestNG.TC_2_ClickAdminTab_Chrome" name="clickLogin" time="1.499"/>
  <system-out/>
  <testcase classname="TestNG.TC_2_ClickAdminTab_Chrome" name="clickAdminTab" time="1.932"/>
  <system-out/>
</testsuite> <!-- TestNG.TC_2_ClickAdminTab_Chrome -->
