<?xml version="1.0" encoding="UTF-8"?>
<!-- Generated by org.testng.reporters.JUnitReportReporter -->
<testsuite hostname="DESKTOP-9SPAHSJ" failures="0" tests="2" name="Tests.TC_1_VerifyMedicines" time="69.142" errors="0" timestamp="2025-04-04T16:49:39 IST" skipped="0">
  <testcase classname="Tests.TC_1_VerifyMedicines" name="verifyheadertabs" time="65.326"/>
  <system-out/>
  <testcase classname="Tests.TC_1_VerifyMedicines" name="mouseovermethod" time="3.816"/>
  <system-out/>
</testsuite> <!-- Tests.TC_1_VerifyMedicines -->
