<?xml version="1.0" encoding="UTF-8"?>
<!-- Generated by org.testng.reporters.JUnitReportReporter -->
<testsuite hostname="DESKTOP-9SPAHSJ" failures="0" tests="5" name="Tests.TC_LeaveTest" time="6.009" errors="0" timestamp="2025-04-04T15:30:27 IST" skipped="0">
  <testcase classname="Tests.TC_LeaveTest" name="enterUsername" time="0.698"/>
  <system-out/>
  <testcase classname="Tests.TC_LeaveTest" name="enterPassword" time="0.259"/>
  <system-out/>
  <testcase classname="Tests.TC_LeaveTest" name="clickLogin" time="1.571"/>
  <system-out/>
  <testcase classname="Tests.TC_LeaveTest" name="clickLeave" time="2.313"/>
  <system-out/>
  <testcase classname="Tests.TC_LeaveTest" name="clickLeaveList" time="1.168"/>
  <system-out/>
</testsuite> <!-- Tests.TC_LeaveTest -->
