<?xml version="1.0" encoding="UTF-8"?>
<!-- Generated by org.testng.reporters.JUnitReportReporter -->
<testsuite hostname="DESKTOP-9SPAHSJ" failures="0" tests="3" name="TestNGScreenshots.TC_1_Hardassertion" time="1.521" errors="0" timestamp="2025-04-02T17:30:21 IST" skipped="0">
  <testcase classname="TestNGScreenshots.TC_1_Hardassertion" name="enterUsername" time="1.118"/>
  <system-out/>
  <testcase classname="TestNGScreenshots.TC_1_Hardassertion" name="enterPassword" time="0.206"/>
  <system-out/>
  <testcase classname="TestNGScreenshots.TC_1_Hardassertion" name="clickLogin" time="0.197"/>
  <system-out/>
</testsuite> <!-- TestNGScreenshots.TC_1_Hardassertion -->
