<?xml version="1.0" encoding="UTF-8"?>
<!-- Generated by org.testng.reporters.JUnitReportReporter -->
<testsuite hostname="DESKTOP-9SPAHSJ" failures="0" tests="3" name="TestNG_attributes.description_attribute" time="2.079" errors="0" timestamp="2025-03-29T11:04:02 IST" skipped="0">
  <testcase classname="TestNG_attributes.description_attribute" name="enterUsername" time="1.532"/>
  <system-out/>
  <testcase classname="TestNG_attributes.description_attribute" name="enterPassword" time="0.269"/>
  <system-out/>
  <testcase classname="TestNG_attributes.description_attribute" name="clickLogin" time="0.278"/>
  <system-out/>
</testsuite> <!-- TestNG_attributes.description_attribute -->
