<?xml version="1.0" encoding="UTF-8"?>
<!-- Generated by org.testng.reporters.JUnitReportReporter -->
<testsuite hostname="DESKTOP-9SPAHSJ" failures="0" tests="3" name="TestNG.TC_1_BaseclassMethodcaling" time="23.247" errors="0" timestamp="2025-03-29T10:40:30 IST" skipped="0">
  <testcase classname="TestNG.TC_1_BaseclassMethodcaling" name="enterUsername" time="7.886"/>
  <system-out/>
  <testcase classname="TestNG.TC_1_BaseclassMethodcaling" name="enterPassword" time="9.830"/>
  <system-out/>
  <testcase classname="TestNG.TC_1_BaseclassMethodcaling" name="clickLogin" time="5.531"/>
  <system-out/>
</testsuite> <!-- TestNG.TC_1_BaseclassMethodcaling -->
