<?xml version="1.0" encoding="UTF-8"?>
<!-- Generated by org.testng.reporters.JUnitReportReporter -->
<testsuite hostname="DESKTOP-9SPAHSJ" failures="0" tests="3" name="TestNG_attributes.Timeout_attribute" time="3.281" errors="0" timestamp="2025-03-29T11:00:25 IST" skipped="0">
  <testcase classname="TestNG_attributes.Timeout_attribute" name="enterUsername" time="2.413"/>
  <system-out/>
  <testcase classname="TestNG_attributes.Timeout_attribute" name="enterPassword" time="0.652"/>
  <system-out/>
  <testcase classname="TestNG_attributes.Timeout_attribute" name="clickLogin" time="0.216"/>
  <system-out/>
</testsuite> <!-- TestNG_attributes.Timeout_attribute -->
